[debug] [2020-09-13T16:22:14.326Z] ----------------------------------------------------------------------
[debug] [2020-09-13T16:22:14.329Z] Command:       C:\Program Files\nodejs\node.exe C:\Users\Admin\AppData\Roaming\npm\node_modules\firebase-tools\lib\bin\firebase.js emulators:start
[debug] [2020-09-13T16:22:14.330Z] CLI Version:   8.10.0
[debug] [2020-09-13T16:22:14.330Z] Platform:      win32
[debug] [2020-09-13T16:22:14.330Z] Node Version:  v12.18.2
[debug] [2020-09-13T16:22:14.332Z] Time:          Sun Sep 13 2020 21:52:14 GMT+0530 (India Standard Time)
[debug] [2020-09-13T16:22:14.332Z] ----------------------------------------------------------------------
[debug] [2020-09-13T16:22:14.332Z] 
[debug] [2020-09-13T16:22:14.345Z] > command requires scopes: ["email","openid","https://www.googleapis.com/auth/cloudplatformprojects.readonly","https://www.googleapis.com/auth/firebase","https://www.googleapis.com/auth/cloud-platform"]
[debug] [2020-09-13T16:22:14.347Z] > authorizing via signed-in user
[info] i  emulators: Starting emulators: functions {"metadata":{"emulator":{"name":"hub"},"message":"Starting emulators: functions"}}
[warn] !  emulators: It seems that you are running multiple instances of the emulator suite for project clone-aaf3c. This may result in unexpected behavior. 
[debug] [2020-09-13T16:22:16.419Z] [hub] writing locator at C:\Users\Admin\AppData\Local\Temp\hub-clone-aaf3c.json
[warn] !  functions: The following emulators are not running, calls to these services from the Functions emulator will affect production: firestore, database, hosting, pubsub {"metadata":{"emulator":{"name":"functions"},"message":"The following emulators are not running, calls to these services from the Functions emulator will affect production: \u001b[1mfirestore, database, hosting, pubsub\u001b[22m"}}
[warn] !  Your requested "node" version "10" doesn't match your global version "12" {"metadata":{"emulator":{"name":"functions"},"message":"Your requested \"node\" version \"10\" doesn't match your global version \"12\""}}
[debug] [2020-09-13T16:22:18.502Z] defaultcredentials: writing to file C:\Users\Admin\AppData\Roaming\firebase\200301_nihal_gmail.com_application_default_credentials.json
[debug] [2020-09-13T16:22:18.519Z] Setting GAC to C:\Users\Admin\AppData\Roaming\firebase\200301_nihal_gmail.com_application_default_credentials.json {"metadata":{"emulator":{"name":"functions"},"message":"Setting GAC to C:\\Users\\Admin\\AppData\\Roaming\\firebase\\200301_nihal_gmail.com_application_default_credentials.json"}}
[warn] !  ui: Emulator UI unable to start on port 4000, starting on 4001 instead. {"metadata":{"emulator":{"name":"ui"},"message":"Emulator UI unable to start on port 4000, starting on 4001 instead."}}
[debug] [2020-09-13T16:22:20.666Z] Ignoring unsupported arg: auto_download {"metadata":{"emulator":{"name":"ui"},"message":"Ignoring unsupported arg: auto_download"}}
[debug] [2020-09-13T16:22:20.667Z] Ignoring unsupported arg: port {"metadata":{"emulator":{"name":"ui"},"message":"Ignoring unsupported arg: port"}}
[debug] [2020-09-13T16:22:20.668Z] Starting Emulator UI with command {"binary":"node","args":["C:\\Users\\Admin\\.cache\\firebase\\emulators\\ui-v1.1.1\\server.bundle.js"],"optionalArgs":[],"joinArgs":false} {"metadata":{"emulator":{"name":"ui"},"message":"Starting Emulator UI with command {\"binary\":\"node\",\"args\":[\"C:\\\\Users\\\\Admin\\\\.cache\\\\firebase\\\\emulators\\\\ui-v1.1.1\\\\server.bundle.js\"],\"optionalArgs\":[],\"joinArgs\":false}"}}
[info] i  ui: Emulator UI logging to ui-debug.log {"metadata":{"emulator":{"name":"ui"},"message":"Emulator UI logging to \u001b[1mui-debug.log\u001b[22m"}}
[debug] [2020-09-13T16:22:20.867Z] Web / API server started at http://localhost:4001
 {"metadata":{"emulator":{"name":"ui"},"message":"Web / API server started at http://localhost:4001\n"}}
[info] i  functions: Watching "C:\Users\Admin\Documents\amazon-clone\functions" for Cloud Functions... {"metadata":{"emulator":{"name":"functions"},"message":"Watching \"C:\\Users\\Admin\\Documents\\amazon-clone\\functions\" for Cloud Functions..."}}
[debug] [2020-09-13T16:22:21.298Z] [worker-pool] addWorker(~diagnostic~) {"metadata":{"emulator":{"name":"functions"},"message":"[worker-pool] addWorker(~diagnostic~)"}}
[debug] [2020-09-13T16:22:21.299Z] [worker-pool] Adding worker with key ~diagnostic~, total=1 {"metadata":{"emulator":{"name":"functions"},"message":"[worker-pool] Adding worker with key ~diagnostic~, total=1"}}
[debug] [2020-09-13T16:22:21.300Z] [worker-pool] submitWork(triggerId=) {"metadata":{"emulator":{"name":"functions"},"message":"[worker-pool] submitWork(triggerId=)"}}
[debug] [2020-09-13T16:22:21.301Z] [worker-~diagnostic~-aaf4dd41-422c-45bb-8174-8981b3a097ba]: Assigning socketPath: \\?\pipe\C:\Users\Admin\Documents\amazon-clone\functions\13836 {"metadata":{"emulator":{"name":"functions"},"message":"[worker-~diagnostic~-aaf4dd41-422c-45bb-8174-8981b3a097ba]: Assigning socketPath: \\\\?\\pipe\\C:\\Users\\Admin\\Documents\\amazon-clone\\functions\\13836"}}
[debug] [2020-09-13T16:22:21.303Z] [worker-~diagnostic~-aaf4dd41-422c-45bb-8174-8981b3a097ba]: BUSY {"metadata":{"emulator":{"name":"functions"},"message":"[worker-~diagnostic~-aaf4dd41-422c-45bb-8174-8981b3a097ba]: BUSY"}}
